<?xml version="1.0" encoding="UTF-8"?>
<testng-results skipped="0" failed="0" ignored="0" total="3" passed="3">
  <reporter-output>
  </reporter-output>
  <suite name="Default suite" duration-ms="92" started-at="2022-09-21T08:42:32Z" finished-at="2022-09-21T08:42:32Z">
    <groups>
    </groups>
    <test name="Default test" duration-ms="92" started-at="2022-09-21T08:42:32Z" finished-at="2022-09-21T08:42:32Z">
      <class name="ManuallyRerun.Demo">
        <test-method status="PASS" signature="tc1()[pri:0, instance:ManuallyRerun.Demo@66a3ffec]" name="tc1" duration-ms="40" started-at="2022-09-21T08:42:32Z" finished-at="2022-09-21T08:42:32Z">
          <reporter-output>
          </reporter-output>
        </test-method> <!-- tc1 -->
        <test-method status="PASS" signature="tc2()[pri:0, instance:ManuallyRerun.Demo@66a3ffec]" name="tc2" duration-ms="2" started-at="2022-09-21T08:42:32Z" finished-at="2022-09-21T08:42:32Z">
          <reporter-output>
          </reporter-output>
        </test-method> <!-- tc2 -->
        <test-method status="PASS" signature="tc3()[pri:0, instance:ManuallyRerun.Demo@66a3ffec]" name="tc3" duration-ms="3" started-at="2022-09-21T08:42:32Z" finished-at="2022-09-21T08:42:32Z">
          <reporter-output>
          </reporter-output>
        </test-method> <!-- tc3 -->
      </class> <!-- ManuallyRerun.Demo -->
    </test> <!-- Default test -->
  </suite> <!-- Default suite -->
</testng-results>
