<?xml version="1.0" encoding="UTF-8"?>
<testng-results skipped="0" failed="0" ignored="0" total="2" passed="2">
  <reporter-output>
  </reporter-output>
  <suite name="Suite" duration-ms="133742" started-at="2022-09-21T08:43:04Z" finished-at="2022-09-21T08:45:18Z">
    <groups>
    </groups>
    <test name="ChromeTest" duration-ms="27618" started-at="2022-09-21T08:43:04Z" finished-at="2022-09-21T08:43:31Z">
      <class name="parallelcrossbrowser.Parallel1">
        <test-method status="PASS" signature="tc(java.lang.String)[pri:0, instance:parallelcrossbrowser.Parallel1@685cb137]" name="tc" duration-ms="27591" started-at="2022-09-21T08:43:04Z" finished-at="2022-09-21T08:43:31Z">
          <params>
            <param index="0">
              <value>
                <![CDATA[chrome]]>
              </value>
            </param>
          </params>
          <reporter-output>
          </reporter-output>
        </test-method> <!-- tc -->
      </class> <!-- parallelcrossbrowser.Parallel1 -->
    </test> <!-- ChromeTest -->
    <test name="EdgeTest" duration-ms="106055" started-at="2022-09-21T08:43:32Z" finished-at="2022-09-21T08:45:18Z">
      <class name="parallelcrossbrowser.Parallel1">
        <test-method status="PASS" signature="tc(java.lang.String)[pri:0, instance:parallelcrossbrowser.Parallel1@4cf777e8]" name="tc" duration-ms="106051" started-at="2022-09-21T08:43:32Z" finished-at="2022-09-21T08:45:18Z">
          <params>
            <param index="0">
              <value>
                <![CDATA[edge]]>
              </value>
            </param>
          </params>
          <reporter-output>
          </reporter-output>
        </test-method> <!-- tc -->
      </class> <!-- parallelcrossbrowser.Parallel1 -->
    </test> <!-- EdgeTest -->
  </suite> <!-- Suite -->
</testng-results>
