<?xml version="1.0" encoding="UTF-8"?>
<!-- Generated by org.testng.reporters.JUnitXMLReporter -->
<testsuite hostname="DESKTOP-9G2HH03" ignored="0" name="Default test" tests="4" failures="0" timestamp="21 Sep 2022 05:50:36 GMT" time="32.151" errors="0">
  <testcase name="tc" time="0.274" classname="org.data.Practice1"/>
  <testcase name="tc" time="0.261" classname="org.data.Practice1"/>
  <testcase name="tc" time="0.23" classname="org.data.Practice1"/>
  <testcase name="tc" time="0.26" classname="org.data.Practice1"/>
</testsuite> <!-- Default test -->
