<?xml version="1.0" encoding="UTF-8"?>
<testng-results skipped="0" failed="0" total="1" passed="1">
  <reporter-output>
  </reporter-output>
  <suite name="Suite" duration-ms="16933" started-at="2022-10-06T10:27:12Z" finished-at="2022-10-06T10:27:29Z">
    <groups>
    </groups>
    <test name="Test" duration-ms="16933" started-at="2022-10-06T10:27:12Z" finished-at="2022-10-06T10:27:29Z">
      <class name="suiteLevelBrowser.SampleOptional">
        <test-method status="PASS" signature="tc1(java.lang.String, java.lang.String)[pri:0, instance:suiteLevelBrowser.SampleOptional@91161c7]" name="tc1" duration-ms="16918" started-at="2022-10-06T15:57:12Z" finished-at="2022-10-06T15:57:29Z">
          <params>
            <param index="0">
              <value>
                <![CDATA[xyx@gmail.com]]>
              </value>
            </param>
            <param index="1">
              <value>
                <![CDATA[Testing]]>
              </value>
            </param>
          </params>
          <reporter-output>
          </reporter-output>
        </test-method> <!-- tc1 -->
      </class> <!-- suiteLevelBrowser.SampleOptional -->
    </test> <!-- Test -->
  </suite> <!-- Suite -->
</testng-results>
