<?xml version="1.0" encoding="UTF-8"?>
<!-- Generated by org.testng.reporters.JUnitXMLReporter -->
<testsuite hostname="DESKTOP-J7V7KI8" name="Test" tests="6" failures="0" timestamp="30 Mar 2022 05:22:11 GMT" time="0.043" errors="0">
  <testcase name="tc100" time="0.013" classname="org.com.Grouping1"/>
  <testcase name="tc300" time="0.002" classname="org.com.Grouping1"/>
  <testcase name="tC2000" time="0.002" classname="org.com.Groupig2"/>
  <testcase name="tc3000" time="0.001" classname="org.com.Groupig2"/>
  <testcase name="tC2" time="0.001" classname="org.com.Grouping"/>
  <testcase name="tc3" time="0.002" classname="org.com.Grouping"/>
</testsuite> <!-- Test -->
