<?xml version="1.0" encoding="UTF-8"?>
<!-- Generated by org.testng.reporters.JUnitXMLReporter -->
<testsuite hostname="DESKTOP-9G2HH03" ignored="2" name="Default test(failed)" tests="1" failures="0" timestamp="21 Sep 2022 06:14:08 GMT" time="0.025" errors="0">
  <testcase name="tc2" time="0.007" classname="ManuallyRerun.Demo"/>
  <testcase name="tc3" time="0.0" classname="ManuallyRerun.Demo">
    <ignored/>
  </testcase> <!-- tc3 -->
  <testcase name="tc1" time="0.0" classname="ManuallyRerun.Demo">
    <ignored/>
  </testcase> <!-- tc1 -->
</testsuite> <!-- Default test(failed) -->
