<?xml version="1.0" encoding="UTF-8"?>
<!-- Generated by org.testng.reporters.JUnitXMLReporter -->
<testsuite hostname="DESKTOP-9G2HH03" ignored="0" name="Test" tests="1" failures="1" timestamp="06 Nov 2022 18:50:56 GMT" time="6.207" errors="0">
  <testcase name="launchApp" time="5.882" classname="ITestListener.ListenerDemoTest">
    <failure type="java.lang.AssertionError" message="expected [true] but found [false]">
      <![CDATA[java.lang.AssertionError: expected [true] but found [false]
at ITestListener.ListenerDemoTest.launchApp(ListenerDemoTest.java:10)
... Removed 29 stack frames]]>
    </failure>
  </testcase> <!-- launchApp -->
</testsuite> <!-- Test -->
