<?xml version="1.0" encoding="UTF-8"?>
<!-- Generated by org.testng.reporters.JUnitXMLReporter -->
<testsuite hostname="DESKTOP-9G2HH03" name="Default test" tests="4" failures="0" timestamp="21 Sep 2022 12:23:06 GMT" time="56.145" errors="0">
  <testcase name="tc" time="0.371" classname="testngDataProvider.Practice"/>
  <testcase name="tc" time="0.323" classname="testngDataProvider.Practice"/>
  <testcase name="tc" time="0.289" classname="testngDataProvider.Practice"/>
  <testcase name="tc" time="0.312" classname="testngDataProvider.Practice"/>
</testsuite> <!-- Default test -->
