<?xml version="1.0" encoding="UTF-8"?>
<testng-results skipped="0" failed="0" total="4" passed="4">
  <reporter-output>
  </reporter-output>
  <suite name="Default suite" duration-ms="56145" started-at="2022-09-21T12:22:10Z" finished-at="2022-09-21T12:23:06Z">
    <groups>
    </groups>
    <test name="Default test" duration-ms="56145" started-at="2022-09-21T12:22:10Z" finished-at="2022-09-21T12:23:06Z">
      <class name="testngDataProvider.Practice">
        <test-method status="PASS" signature="beforeClass()[pri:0, instance:testngDataProvider.Practice@57baeedf]" name="beforeClass" is-config="true" duration-ms="8883" started-at="2022-09-21T17:52:10Z" finished-at="2022-09-21T17:52:19Z">
          <reporter-output>
          </reporter-output>
        </test-method> <!-- beforeClass -->
        <test-method status="PASS" signature="tc(java.lang.String, java.lang.String)[pri:0, instance:testngDataProvider.Practice@57baeedf]" name="tc" duration-ms="371" started-at="2022-09-21T17:52:19Z" data-provider="sampleData" finished-at="2022-09-21T17:52:19Z">
          <params>
            <param index="0">
              <value>
                <![CDATA[user1]]>
              </value>
            </param>
            <param index="1">
              <value>
                <![CDATA[Test123]]>
              </value>
            </param>
          </params>
          <reporter-output>
          </reporter-output>
        </test-method> <!-- tc -->
        <test-method status="PASS" signature="afterClass()[pri:0, instance:testngDataProvider.Practice@57baeedf]" name="afterClass" is-config="true" duration-ms="2489" started-at="2022-09-21T17:52:19Z" finished-at="2022-09-21T17:52:22Z">
          <reporter-output>
          </reporter-output>
        </test-method> <!-- afterClass -->
        <test-method status="PASS" signature="beforeClass()[pri:0, instance:testngDataProvider.Practice@57baeedf]" name="beforeClass" is-config="true" duration-ms="16139" started-at="2022-09-21T17:52:22Z" finished-at="2022-09-21T17:52:38Z">
          <reporter-output>
          </reporter-output>
        </test-method> <!-- beforeClass -->
        <test-method status="PASS" signature="tc(java.lang.String, java.lang.String)[pri:0, instance:testngDataProvider.Practice@57baeedf]" name="tc" duration-ms="323" started-at="2022-09-21T17:52:38Z" data-provider="sampleData" finished-at="2022-09-21T17:52:38Z">
          <params>
            <param index="0">
              <value>
                <![CDATA[user2]]>
              </value>
            </param>
            <param index="1">
              <value>
                <![CDATA[Test546]]>
              </value>
            </param>
          </params>
          <reporter-output>
          </reporter-output>
        </test-method> <!-- tc -->
        <test-method status="PASS" signature="afterClass()[pri:0, instance:testngDataProvider.Practice@57baeedf]" name="afterClass" is-config="true" duration-ms="2447" started-at="2022-09-21T17:52:38Z" finished-at="2022-09-21T17:52:41Z">
          <reporter-output>
          </reporter-output>
        </test-method> <!-- afterClass -->
        <test-method status="PASS" signature="beforeClass()[pri:0, instance:testngDataProvider.Practice@57baeedf]" name="beforeClass" is-config="true" duration-ms="11201" started-at="2022-09-21T17:52:41Z" finished-at="2022-09-21T17:52:52Z">
          <reporter-output>
          </reporter-output>
        </test-method> <!-- beforeClass -->
        <test-method status="PASS" signature="tc(java.lang.String, java.lang.String)[pri:0, instance:testngDataProvider.Practice@57baeedf]" name="tc" duration-ms="289" started-at="2022-09-21T17:52:52Z" data-provider="sampleData" finished-at="2022-09-21T17:52:52Z">
          <params>
            <param index="0">
              <value>
                <![CDATA[user3]]>
              </value>
            </param>
            <param index="1">
              <value>
                <![CDATA[Test789]]>
              </value>
            </param>
          </params>
          <reporter-output>
          </reporter-output>
        </test-method> <!-- tc -->
        <test-method status="PASS" signature="afterClass()[pri:0, instance:testngDataProvider.Practice@57baeedf]" name="afterClass" is-config="true" duration-ms="2444" started-at="2022-09-21T17:52:52Z" finished-at="2022-09-21T17:52:55Z">
          <reporter-output>
          </reporter-output>
        </test-method> <!-- afterClass -->
        <test-method status="PASS" signature="beforeClass()[pri:0, instance:testngDataProvider.Practice@57baeedf]" name="beforeClass" is-config="true" duration-ms="8763" started-at="2022-09-21T17:52:55Z" finished-at="2022-09-21T17:53:04Z">
          <reporter-output>
          </reporter-output>
        </test-method> <!-- beforeClass -->
        <test-method status="PASS" signature="tc(java.lang.String, java.lang.String)[pri:0, instance:testngDataProvider.Practice@57baeedf]" name="tc" duration-ms="312" started-at="2022-09-21T17:53:04Z" data-provider="sampleData" finished-at="2022-09-21T17:53:04Z">
          <params>
            <param index="0">
              <value>
                <![CDATA[user4]]>
              </value>
            </param>
            <param index="1">
              <value>
                <![CDATA[Testing]]>
              </value>
            </param>
          </params>
          <reporter-output>
          </reporter-output>
        </test-method> <!-- tc -->
        <test-method status="PASS" signature="afterClass()[pri:0, instance:testngDataProvider.Practice@57baeedf]" name="afterClass" is-config="true" duration-ms="2463" started-at="2022-09-21T17:53:04Z" finished-at="2022-09-21T17:53:06Z">
          <reporter-output>
          </reporter-output>
        </test-method> <!-- afterClass -->
      </class> <!-- testngDataProvider.Practice -->
    </test> <!-- Default test -->
  </suite> <!-- Default suite -->
</testng-results>
