<?xml version="1.0" encoding="UTF-8"?>
<!-- Generated by org.testng.reporters.JUnitXMLReporter -->
<testsuite hostname="DESKTOP-9G2HH03" name="Default test" tests="7" failures="0" timestamp="21 Sep 2022 15:36:05 GMT" time="0.086" errors="0">
  <testcase name="tc4" time="0.02" classname="org.com.SampleInvocationCount"/>
  <testcase name="tc3" time="0.002" classname="org.com.SampleInvocationCount"/>
  <testcase name="tc3" time="0.007" classname="org.com.SampleInvocationCount"/>
  <testcase name="tc3" time="0.007" classname="org.com.SampleInvocationCount"/>
  <testcase name="tc2" time="0.004" classname="org.com.SampleInvocationCount"/>
  <testcase name="tc5" time="0.0" classname="org.com.SampleInvocationCount"/>
  <testcase name="tc1" time="0.002" classname="org.com.SampleInvocationCount"/>
</testsuite> <!-- Default test -->
