<?xml version="1.0" encoding="UTF-8"?>
<testng-results skipped="0" failed="0" total="7" passed="7">
  <reporter-output>
  </reporter-output>
  <suite name="Default suite" duration-ms="86" started-at="2022-09-21T15:36:05Z" finished-at="2022-09-21T15:36:05Z">
    <groups>
    </groups>
    <test name="Default test" duration-ms="86" started-at="2022-09-21T15:36:05Z" finished-at="2022-09-21T15:36:05Z">
      <class name="org.com.SampleInvocationCount">
        <test-method status="PASS" signature="tc4()[pri:0, instance:org.com.SampleInvocationCount@6f7fd0e6]" name="tc4" duration-ms="20" started-at="2022-09-21T21:06:05Z" finished-at="2022-09-21T21:06:05Z">
          <reporter-output>
          </reporter-output>
        </test-method> <!-- tc4 -->
        <test-method status="PASS" signature="tc3()[pri:0, instance:org.com.SampleInvocationCount@6f7fd0e6]" name="tc3" duration-ms="2" started-at="2022-09-21T21:06:05Z" finished-at="2022-09-21T21:06:05Z">
          <reporter-output>
          </reporter-output>
        </test-method> <!-- tc3 -->
        <test-method status="PASS" signature="tc3()[pri:0, instance:org.com.SampleInvocationCount@6f7fd0e6]" name="tc3" duration-ms="7" started-at="2022-09-21T21:06:05Z" finished-at="2022-09-21T21:06:05Z">
          <reporter-output>
          </reporter-output>
        </test-method> <!-- tc3 -->
        <test-method status="PASS" signature="tc3()[pri:0, instance:org.com.SampleInvocationCount@6f7fd0e6]" name="tc3" duration-ms="7" started-at="2022-09-21T21:06:05Z" finished-at="2022-09-21T21:06:05Z">
          <reporter-output>
          </reporter-output>
        </test-method> <!-- tc3 -->
        <test-method status="PASS" signature="tc2()[pri:0, instance:org.com.SampleInvocationCount@6f7fd0e6]" name="tc2" duration-ms="4" started-at="2022-09-21T21:06:05Z" finished-at="2022-09-21T21:06:05Z">
          <reporter-output>
          </reporter-output>
        </test-method> <!-- tc2 -->
        <test-method status="PASS" signature="tc5()[pri:0, instance:org.com.SampleInvocationCount@6f7fd0e6]" name="tc5" duration-ms="0" started-at="2022-09-21T21:06:05Z" finished-at="2022-09-21T21:06:05Z">
          <reporter-output>
          </reporter-output>
        </test-method> <!-- tc5 -->
        <test-method status="PASS" signature="tc1()[pri:0, instance:org.com.SampleInvocationCount@6f7fd0e6]" name="tc1" duration-ms="2" started-at="2022-09-21T21:06:05Z" finished-at="2022-09-21T21:06:05Z">
          <reporter-output>
          </reporter-output>
        </test-method> <!-- tc1 -->
      </class> <!-- org.com.SampleInvocationCount -->
    </test> <!-- Default test -->
  </suite> <!-- Default suite -->
</testng-results>
