<?xml version="1.0" encoding="UTF-8"?>
<testng-results skipped="0" failed="0" total="1" passed="1">
  <reporter-output>
  </reporter-output>
  <suite name="Default suite" duration-ms="33" started-at="2022-08-21T08:48:54Z" finished-at="2022-08-21T08:48:54Z">
    <groups>
    </groups>
    <test name="Default test" duration-ms="33" started-at="2022-08-21T08:48:54Z" finished-at="2022-08-21T08:48:54Z">
      <class name="org.com.New">
        <test-method status="PASS" signature="beforeClass()[pri:0, instance:org.com.New@6d4b1c02]" name="beforeClass" is-config="true" duration-ms="10" started-at="2022-08-21T14:18:54Z" finished-at="2022-08-21T14:18:54Z">
          <reporter-output>
          </reporter-output>
        </test-method> <!-- beforeClass -->
        <test-method status="PASS" signature="beforeEachMethod()[pri:0, instance:org.com.New@6d4b1c02]" name="beforeEachMethod" is-config="true" duration-ms="1" started-at="2022-08-21T14:18:54Z" finished-at="2022-08-21T14:18:54Z">
          <reporter-output>
          </reporter-output>
        </test-method> <!-- beforeEachMethod -->
        <test-method status="PASS" signature="tc1()[pri:0, instance:org.com.New@6d4b1c02]" name="tc1" duration-ms="7" started-at="2022-08-21T14:18:54Z" finished-at="2022-08-21T14:18:54Z">
          <reporter-output>
          </reporter-output>
        </test-method> <!-- tc1 -->
        <test-method status="PASS" signature="afterEachMethod()[pri:0, instance:org.com.New@6d4b1c02]" name="afterEachMethod" is-config="true" duration-ms="0" started-at="2022-08-21T14:18:54Z" finished-at="2022-08-21T14:18:54Z">
          <reporter-output>
          </reporter-output>
        </test-method> <!-- afterEachMethod -->
        <test-method status="PASS" signature="afterClass()[pri:0, instance:org.com.New@6d4b1c02]" name="afterClass" is-config="true" duration-ms="1" started-at="2022-08-21T14:18:54Z" finished-at="2022-08-21T14:18:54Z">
          <reporter-output>
          </reporter-output>
        </test-method> <!-- afterClass -->
      </class> <!-- org.com.New -->
    </test> <!-- Default test -->
  </suite> <!-- Default suite -->
</testng-results>
