<?xml version="1.0" encoding="UTF-8"?>
<!-- Generated by org.testng.reporters.JUnitXMLReporter -->
<testsuite hostname="DESKTOP-9G2HH03" ignored="0" name="Default test" tests="3" failures="0" timestamp="21 Sep 2022 08:42:32 GMT" time="0.092" errors="0">
  <testcase name="tc1" time="0.04" classname="ManuallyRerun.Demo"/>
  <testcase name="tc2" time="0.002" classname="ManuallyRerun.Demo"/>
  <testcase name="tc3" time="0.003" classname="ManuallyRerun.Demo"/>
</testsuite> <!-- Default test -->
