<?xml version="1.0" encoding="UTF-8"?>
<!-- Generated by org.testng.reporters.JUnitXMLReporter -->
<testsuite hostname="DESKTOP-9G2HH03" ignored="0" name="Test" tests="13" failures="0" timestamp="21 Sep 2022 05:41:38 GMT" time="0.08" errors="0">
  <testcase name="tc1" time="0.004" classname="org.com.Simple1"/>
  <testcase name="tc2" time="0.002" classname="org.com.Simple1"/>
  <testcase name="tc3" time="0.001" classname="org.com.Simple1"/>
  <testcase name="tc1" time="0.001" classname="org.com.Simple"/>
  <testcase name="tc1000" time="0.002" classname="org.com.Test3"/>
  <testcase name="tc2000" time="0.0" classname="org.com.Test3"/>
  <testcase name="tc3000" time="0.001" classname="org.com.Test3"/>
  <testcase name="tc100" time="0.001" classname="org.com.Test2"/>
  <testcase name="tc200" time="0.001" classname="org.com.Test2"/>
  <testcase name="tc300" time="0.003" classname="org.com.Test2"/>
  <testcase name="tc1" time="0.001" classname="org.com.Test1"/>
  <testcase name="tc2" time="0.002" classname="org.com.Test1"/>
  <testcase name="tc3" time="0.003" classname="org.com.Test1"/>
</testsuite> <!-- Test -->
