<?xml version="1.0" encoding="UTF-8"?>
<testng-results skipped="0" failed="0" total="3" passed="3">
  <reporter-output>
  </reporter-output>
  <suite name="Default suite" duration-ms="35" started-at="2022-09-09T16:11:54Z" finished-at="2022-09-09T16:11:54Z">
    <groups>
    </groups>
    <test name="Default test" duration-ms="35" started-at="2022-09-09T16:11:54Z" finished-at="2022-09-09T16:11:54Z">
      <class name="TestNGDemo.TestNG">
        <test-method status="PASS" signature="tc2()[pri:0, instance:TestNGDemo.TestNG@27efef64]" name="tc2" is-config="true" duration-ms="12" started-at="2022-09-09T21:41:54Z" finished-at="2022-09-09T21:41:54Z">
          <reporter-output>
          </reporter-output>
        </test-method> <!-- tc2 -->
        <test-method status="PASS" signature="t312()[pri:0, instance:TestNGDemo.TestNG@27efef64]" name="t312" duration-ms="5" started-at="2022-09-09T21:41:54Z" finished-at="2022-09-09T21:41:54Z">
          <reporter-output>
          </reporter-output>
        </test-method> <!-- t312 -->
        <test-method status="PASS" signature="t32()[pri:0, instance:TestNGDemo.TestNG@27efef64]" name="t32" duration-ms="0" started-at="2022-09-09T21:41:54Z" finished-at="2022-09-09T21:41:54Z">
          <reporter-output>
          </reporter-output>
        </test-method> <!-- t32 -->
        <test-method status="PASS" signature="tc1()[pri:0, instance:TestNGDemo.TestNG@27efef64]" name="tc1" duration-ms="0" started-at="2022-09-09T21:41:54Z" finished-at="2022-09-09T21:41:54Z">
          <reporter-output>
          </reporter-output>
        </test-method> <!-- tc1 -->
      </class> <!-- TestNGDemo.TestNG -->
    </test> <!-- Default test -->
  </suite> <!-- Default suite -->
</testng-results>
